<?xml version="1.0" encoding="UTF-8"?>
<!-- Generated by org.testng.reporters.JUnitXMLReporter -->
<testsuite hostname="DESKTOP-5T03LQ5" ignored="0" name="Test" tests="1" failures="1" timestamp="2022-12-11T10:52:05 IST" time="101.994" errors="0">
  <testcase name="DeleteCustomer" time="99.129" classname="com.XYZBank.testscripts.OpenAccountTestPage">
    <failure type="org.openqa.selenium.NoSuchElementException" message="Cannot locate element with text: Bidya Kumar
For documentation on this error, please visit: http://seleniumhq.org/exceptions/no_such_element.html
Build info: version: &amp;apos;3.12.0&amp;apos;, revision: &amp;apos;7c6e0b3&amp;apos;, time: &amp;apos;2018-05-08T14:04:26.12Z&amp;apos;
System info: host: &amp;apos;DESKTOP-5T03LQ5&amp;apos;, ip: &amp;apos;192.168.1.6&amp;apos;, os.name: &amp;apos;Windows 10&amp;apos;, os.arch: &amp;apos;amd64&amp;apos;, os.version: &amp;apos;10.0&amp;apos;, java.version: &amp;apos;1.8.0_231&amp;apos;
Driver info: driver.version: unknown">
      <![CDATA[org.openqa.selenium.NoSuchElementException: Cannot locate element with text: Bidya Kumar
For documentation on this error, please visit: http://seleniumhq.org/exceptions/no_such_element.html
Build info: version: '3.12.0', revision: '7c6e0b3', time: '2018-05-08T14:04:26.12Z'
System info: host: 'DESKTOP-5T03LQ5', ip: '192.168.1.6', os.name: 'Windows 10', os.arch: 'amd64', os.version: '10.0', java.version: '1.8.0_231'
Driver info: driver.version: unknown
at org.openqa.selenium.support.ui.Select.selectByVisibleText(Select.java:151)
at com.XYZBank.testpages.Basepage.selectDropdownValueByText(Basepage.java:140)
at com.XYZBank.testpages.OpenAccountPage.openCustomerAccount(OpenAccountPage.java:35)
at com.XYZBank.testscripts.OpenAccountTestPage.DeleteCustomer(OpenAccountTestPage.java:35)
at java.util.ArrayList.forEach(ArrayList.java:1257)
... Removed 27 stack frames]]>
    </failure>
  </testcase> <!-- DeleteCustomer -->
</testsuite> <!-- Test -->
